[2017-05-21 16:02:30] local.ERROR: Symfony\Component\Debug\Exception\FatalThrowableError: Class 'Illuminate\Notifications\NotificationServiceProvider' not found in /home/rodrigo/time6/laravel/vendor/laravel/framework/src/Illuminate/Foundation/ProviderRepository.php:146
Stack trace:
#0 /home/rodrigo/time6/laravel/vendor/laravel/framework/src/Illuminate/Foundation/ProviderRepository.php(114): Illuminate\Foundation\ProviderRepository->createProvider('Illuminate\\Noti...')
#1 /home/rodrigo/time6/laravel/vendor/laravel/framework/src/Illuminate/Foundation/ProviderRepository.php(60): Illuminate\Foundation\ProviderRepository->compileManifest(Array)
#2 /home/rodrigo/time6/laravel/vendor/laravel/framework/src/Illuminate/Foundation/Application.php(530): Illuminate\Foundation\ProviderRepository->load(Array)
#3 /home/rodrigo/time6/laravel/vendor/laravel/framework/src/Illuminate/Foundation/Bootstrap/RegisterProviders.php(17): Illuminate\Foundation\Application->registerConfiguredProviders()
#4 /home/rodrigo/time6/laravel/vendor/laravel/framework/src/Illuminate/Foundation/Application.php(203): Illuminate\Foundation\Bootstrap\RegisterProviders->bootstrap(Object(Illuminate\Foundation\Application))
#5 /home/rodrigo/time6/laravel/vendor/laravel/framework/src/Illuminate/Foundation/Console/Kernel.php(219): Illuminate\Foundation\Application->bootstrapWith(Array)
#6 /home/rodrigo/time6/laravel/vendor/laravel/framework/src/Illuminate/Foundation/Console/Kernel.php(105): Illuminate\Foundation\Console\Kernel->bootstrap()
#7 /home/rodrigo/time6/laravel/artisan(35): Illuminate\Foundation\Console\Kernel->handle(Object(Symfony\Component\Console\Input\ArgvInput), Object(Symfony\Component\Console\Output\ConsoleOutput))
#8 {main}  
[2017-05-21 16:03:03] local.ERROR: Symfony\Component\Debug\Exception\FatalThrowableError: Class 'Illuminate\Notifications\NotificationServiceProvider' not found in /home/rodrigo/time6/laravel/vendor/laravel/framework/src/Illuminate/Foundation/ProviderRepository.php:146
Stack trace:
#0 /home/rodrigo/time6/laravel/vendor/laravel/framework/src/Illuminate/Foundation/ProviderRepository.php(114): Illuminate\Foundation\ProviderRepository->createProvider('Illuminate\\Noti...')
#1 /home/rodrigo/time6/laravel/vendor/laravel/framework/src/Illuminate/Foundation/ProviderRepository.php(60): Illuminate\Foundation\ProviderRepository->compileManifest(Array)
#2 /home/rodrigo/time6/laravel/vendor/laravel/framework/src/Illuminate/Foundation/Application.php(530): Illuminate\Foundation\ProviderRepository->load(Array)
#3 /home/rodrigo/time6/laravel/vendor/laravel/framework/src/Illuminate/Foundation/Bootstrap/RegisterProviders.php(17): Illuminate\Foundation\Application->registerConfiguredProviders()
#4 /home/rodrigo/time6/laravel/vendor/laravel/framework/src/Illuminate/Foundation/Application.php(203): Illuminate\Foundation\Bootstrap\RegisterProviders->bootstrap(Object(Illuminate\Foundation\Application))
#5 /home/rodrigo/time6/laravel/vendor/laravel/framework/src/Illuminate/Foundation/Console/Kernel.php(219): Illuminate\Foundation\Application->bootstrapWith(Array)
#6 /home/rodrigo/time6/laravel/vendor/laravel/framework/src/Illuminate/Foundation/Console/Kernel.php(105): Illuminate\Foundation\Console\Kernel->bootstrap()
#7 /home/rodrigo/time6/laravel/artisan(35): Illuminate\Foundation\Console\Kernel->handle(Object(Symfony\Component\Console\Input\ArgvInput), Object(Symfony\Component\Console\Output\ConsoleOutput))
#8 {main}  
[2017-05-21 16:03:44] local.ERROR: Symfony\Component\Debug\Exception\FatalThrowableError: Class 'Illuminate\Notifications\NotificationServiceProvider' not found in /home/rodrigo/time6/laravel/vendor/laravel/framework/src/Illuminate/Foundation/ProviderRepository.php:146
Stack trace:
#0 /home/rodrigo/time6/laravel/vendor/laravel/framework/src/Illuminate/Foundation/ProviderRepository.php(114): Illuminate\Foundation\ProviderRepository->createProvider('Illuminate\\Noti...')
#1 /home/rodrigo/time6/laravel/vendor/laravel/framework/src/Illuminate/Foundation/ProviderRepository.php(60): Illuminate\Foundation\ProviderRepository->compileManifest(Array)
#2 /home/rodrigo/time6/laravel/vendor/laravel/framework/src/Illuminate/Foundation/Application.php(530): Illuminate\Foundation\ProviderRepository->load(Array)
#3 /home/rodrigo/time6/laravel/vendor/laravel/framework/src/Illuminate/Foundation/Bootstrap/RegisterProviders.php(17): Illuminate\Foundation\Application->registerConfiguredProviders()
#4 /home/rodrigo/time6/laravel/vendor/laravel/framework/src/Illuminate/Foundation/Application.php(203): Illuminate\Foundation\Bootstrap\RegisterProviders->bootstrap(Object(Illuminate\Foundation\Application))
#5 /home/rodrigo/time6/laravel/vendor/laravel/framework/src/Illuminate/Foundation/Console/Kernel.php(219): Illuminate\Foundation\Application->bootstrapWith(Array)
#6 /home/rodrigo/time6/laravel/vendor/laravel/framework/src/Illuminate/Foundation/Console/Kernel.php(105): Illuminate\Foundation\Console\Kernel->bootstrap()
#7 /home/rodrigo/time6/laravel/artisan(35): Illuminate\Foundation\Console\Kernel->handle(Object(Symfony\Component\Console\Input\ArgvInput), Object(Symfony\Component\Console\Output\ConsoleOutput))
#8 {main}  
[2017-05-21 16:10:36] local.ERROR: Symfony\Component\Debug\Exception\FatalThrowableError: Class 'Illuminate\Notifications\NotificationServiceProvider' not found in /home/rodrigo/time6/laravel/vendor/laravel/framework/src/Illuminate/Foundation/ProviderRepository.php:146
Stack trace:
#0 /home/rodrigo/time6/laravel/vendor/laravel/framework/src/Illuminate/Foundation/ProviderRepository.php(114): Illuminate\Foundation\ProviderRepository->createProvider('Illuminate\\Noti...')
#1 /home/rodrigo/time6/laravel/vendor/laravel/framework/src/Illuminate/Foundation/ProviderRepository.php(60): Illuminate\Foundation\ProviderRepository->compileManifest(Array)
#2 /home/rodrigo/time6/laravel/vendor/laravel/framework/src/Illuminate/Foundation/Application.php(530): Illuminate\Foundation\ProviderRepository->load(Array)
#3 /home/rodrigo/time6/laravel/vendor/laravel/framework/src/Illuminate/Foundation/Bootstrap/RegisterProviders.php(17): Illuminate\Foundation\Application->registerConfiguredProviders()
#4 /home/rodrigo/time6/laravel/vendor/laravel/framework/src/Illuminate/Foundation/Application.php(203): Illuminate\Foundation\Bootstrap\RegisterProviders->bootstrap(Object(Illuminate\Foundation\Application))
#5 /home/rodrigo/time6/laravel/vendor/laravel/framework/src/Illuminate/Foundation/Console/Kernel.php(219): Illuminate\Foundation\Application->bootstrapWith(Array)
#6 /home/rodrigo/time6/laravel/vendor/laravel/framework/src/Illuminate/Foundation/Console/Kernel.php(105): Illuminate\Foundation\Console\Kernel->bootstrap()
#7 /home/rodrigo/time6/laravel/artisan(35): Illuminate\Foundation\Console\Kernel->handle(Object(Symfony\Component\Console\Input\ArgvInput), Object(Symfony\Component\Console\Output\ConsoleOutput))
#8 {main}  
[2017-05-21 16:10:38] local.ERROR: Symfony\Component\Debug\Exception\FatalThrowableError: Class 'Illuminate\Notifications\NotificationServiceProvider' not found in /home/rodrigo/time6/laravel/vendor/laravel/framework/src/Illuminate/Foundation/ProviderRepository.php:146
Stack trace:
#0 /home/rodrigo/time6/laravel/vendor/laravel/framework/src/Illuminate/Foundation/ProviderRepository.php(114): Illuminate\Foundation\ProviderRepository->createProvider('Illuminate\\Noti...')
#1 /home/rodrigo/time6/laravel/vendor/laravel/framework/src/Illuminate/Foundation/ProviderRepository.php(60): Illuminate\Foundation\ProviderRepository->compileManifest(Array)
#2 /home/rodrigo/time6/laravel/vendor/laravel/framework/src/Illuminate/Foundation/Application.php(530): Illuminate\Foundation\ProviderRepository->load(Array)
#3 /home/rodrigo/time6/laravel/vendor/laravel/framework/src/Illuminate/Foundation/Bootstrap/RegisterProviders.php(17): Illuminate\Foundation\Application->registerConfiguredProviders()
#4 /home/rodrigo/time6/laravel/vendor/laravel/framework/src/Illuminate/Foundation/Application.php(203): Illuminate\Foundation\Bootstrap\RegisterProviders->bootstrap(Object(Illuminate\Foundation\Application))
#5 /home/rodrigo/time6/laravel/vendor/laravel/framework/src/Illuminate/Foundation/Console/Kernel.php(219): Illuminate\Foundation\Application->bootstrapWith(Array)
#6 /home/rodrigo/time6/laravel/vendor/laravel/framework/src/Illuminate/Foundation/Console/Kernel.php(105): Illuminate\Foundation\Console\Kernel->bootstrap()
#7 /home/rodrigo/time6/laravel/artisan(35): Illuminate\Foundation\Console\Kernel->handle(Object(Symfony\Component\Console\Input\ArgvInput), Object(Symfony\Component\Console\Output\ConsoleOutput))
#8 {main}  
[2017-05-21 16:23:14] local.ERROR: Symfony\Component\Debug\Exception\FatalThrowableError: Class 'Illuminate\Notifications\NotificationServiceProvider' not found in /home/rodrigo/time6/laravel/vendor/laravel/framework/src/Illuminate/Foundation/ProviderRepository.php:146
Stack trace:
#0 /home/rodrigo/time6/laravel/vendor/laravel/framework/src/Illuminate/Foundation/ProviderRepository.php(114): Illuminate\Foundation\ProviderRepository->createProvider('Illuminate\\Noti...')
#1 /home/rodrigo/time6/laravel/vendor/laravel/framework/src/Illuminate/Foundation/ProviderRepository.php(60): Illuminate\Foundation\ProviderRepository->compileManifest(Array)
#2 /home/rodrigo/time6/laravel/vendor/laravel/framework/src/Illuminate/Foundation/Application.php(530): Illuminate\Foundation\ProviderRepository->load(Array)
#3 /home/rodrigo/time6/laravel/vendor/laravel/framework/src/Illuminate/Foundation/Bootstrap/RegisterProviders.php(17): Illuminate\Foundation\Application->registerConfiguredProviders()
#4 /home/rodrigo/time6/laravel/vendor/laravel/framework/src/Illuminate/Foundation/Application.php(203): Illuminate\Foundation\Bootstrap\RegisterProviders->bootstrap(Object(Illuminate\Foundation\Application))
#5 /home/rodrigo/time6/laravel/vendor/laravel/framework/src/Illuminate/Foundation/Console/Kernel.php(219): Illuminate\Foundation\Application->bootstrapWith(Array)
#6 /home/rodrigo/time6/laravel/vendor/laravel/framework/src/Illuminate/Foundation/Console/Kernel.php(105): Illuminate\Foundation\Console\Kernel->bootstrap()
#7 /home/rodrigo/time6/laravel/artisan(35): Illuminate\Foundation\Console\Kernel->handle(Object(Symfony\Component\Console\Input\ArgvInput), Object(Symfony\Component\Console\Output\ConsoleOutput))
#8 {main}  
[2017-05-21 18:51:59] local.ERROR: Symfony\Component\Debug\Exception\FatalThrowableError: Class 'Illuminate\Notifications\NotificationServiceProvider' not found in /home/rodrigo/time6/laravel/vendor/laravel/framework/src/Illuminate/Foundation/ProviderRepository.php:146
Stack trace:
#0 /home/rodrigo/time6/laravel/vendor/laravel/framework/src/Illuminate/Foundation/ProviderRepository.php(114): Illuminate\Foundation\ProviderRepository->createProvider('Illuminate\\Noti...')
#1 /home/rodrigo/time6/laravel/vendor/laravel/framework/src/Illuminate/Foundation/ProviderRepository.php(60): Illuminate\Foundation\ProviderRepository->compileManifest(Array)
#2 /home/rodrigo/time6/laravel/vendor/laravel/framework/src/Illuminate/Foundation/Application.php(530): Illuminate\Foundation\ProviderRepository->load(Array)
#3 /home/rodrigo/time6/laravel/vendor/laravel/framework/src/Illuminate/Foundation/Bootstrap/RegisterProviders.php(17): Illuminate\Foundation\Application->registerConfiguredProviders()
#4 /home/rodrigo/time6/laravel/vendor/laravel/framework/src/Illuminate/Foundation/Application.php(203): Illuminate\Foundation\Bootstrap\RegisterProviders->bootstrap(Object(Illuminate\Foundation\Application))
#5 /home/rodrigo/time6/laravel/vendor/laravel/framework/src/Illuminate/Foundation/Console/Kernel.php(219): Illuminate\Foundation\Application->bootstrapWith(Array)
#6 /home/rodrigo/time6/laravel/vendor/laravel/framework/src/Illuminate/Foundation/Console/Kernel.php(105): Illuminate\Foundation\Console\Kernel->bootstrap()
#7 /home/rodrigo/time6/laravel/artisan(35): Illuminate\Foundation\Console\Kernel->handle(Object(Symfony\Component\Console\Input\ArgvInput), Object(Symfony\Component\Console\Output\ConsoleOutput))
#8 {main}  
[2017-05-21 18:56:48] local.ERROR: Symfony\Component\Debug\Exception\FatalThrowableError: Class 'Illuminate\Notifications\NotificationServiceProvider' not found in /home/rodrigo/time6/laravel/vendor/laravel/framework/src/Illuminate/Foundation/ProviderRepository.php:146
Stack trace:
#0 /home/rodrigo/time6/laravel/vendor/laravel/framework/src/Illuminate/Foundation/ProviderRepository.php(114): Illuminate\Foundation\ProviderRepository->createProvider('Illuminate\\Noti...')
#1 /home/rodrigo/time6/laravel/vendor/laravel/framework/src/Illuminate/Foundation/ProviderRepository.php(60): Illuminate\Foundation\ProviderRepository->compileManifest(Array)
#2 /home/rodrigo/time6/laravel/vendor/laravel/framework/src/Illuminate/Foundation/Application.php(530): Illuminate\Foundation\ProviderRepository->load(Array)
#3 /home/rodrigo/time6/laravel/vendor/laravel/framework/src/Illuminate/Foundation/Bootstrap/RegisterProviders.php(17): Illuminate\Foundation\Application->registerConfiguredProviders()
#4 /home/rodrigo/time6/laravel/vendor/laravel/framework/src/Illuminate/Foundation/Application.php(203): Illuminate\Foundation\Bootstrap\RegisterProviders->bootstrap(Object(Illuminate\Foundation\Application))
#5 /home/rodrigo/time6/laravel/vendor/laravel/framework/src/Illuminate/Foundation/Console/Kernel.php(219): Illuminate\Foundation\Application->bootstrapWith(Array)
#6 /home/rodrigo/time6/laravel/vendor/laravel/framework/src/Illuminate/Foundation/Console/Kernel.php(105): Illuminate\Foundation\Console\Kernel->bootstrap()
#7 /home/rodrigo/time6/laravel/artisan(35): Illuminate\Foundation\Console\Kernel->handle(Object(Symfony\Component\Console\Input\ArgvInput), Object(Symfony\Component\Console\Output\ConsoleOutput))
#8 {main}  
[2017-05-21 19:02:44] local.ERROR: Symfony\Component\Debug\Exception\FatalThrowableError: Class 'Illuminate\Notifications\NotificationServiceProvider' not found in /home/rodrigo/time6/laravel/vendor/laravel/framework/src/Illuminate/Foundation/ProviderRepository.php:146
Stack trace:
#0 /home/rodrigo/time6/laravel/vendor/laravel/framework/src/Illuminate/Foundation/ProviderRepository.php(114): Illuminate\Foundation\ProviderRepository->createProvider('Illuminate\\Noti...')
#1 /home/rodrigo/time6/laravel/vendor/laravel/framework/src/Illuminate/Foundation/ProviderRepository.php(60): Illuminate\Foundation\ProviderRepository->compileManifest(Array)
#2 /home/rodrigo/time6/laravel/vendor/laravel/framework/src/Illuminate/Foundation/Application.php(530): Illuminate\Foundation\ProviderRepository->load(Array)
#3 /home/rodrigo/time6/laravel/vendor/laravel/framework/src/Illuminate/Foundation/Bootstrap/RegisterProviders.php(17): Illuminate\Foundation\Application->registerConfiguredProviders()
#4 /home/rodrigo/time6/laravel/vendor/laravel/framework/src/Illuminate/Foundation/Application.php(203): Illuminate\Foundation\Bootstrap\RegisterProviders->bootstrap(Object(Illuminate\Foundation\Application))
#5 /home/rodrigo/time6/laravel/vendor/laravel/framework/src/Illuminate/Foundation/Console/Kernel.php(219): Illuminate\Foundation\Application->bootstrapWith(Array)
#6 /home/rodrigo/time6/laravel/vendor/laravel/framework/src/Illuminate/Foundation/Console/Kernel.php(105): Illuminate\Foundation\Console\Kernel->bootstrap()
#7 /home/rodrigo/time6/laravel/artisan(35): Illuminate\Foundation\Console\Kernel->handle(Object(Symfony\Component\Console\Input\ArgvInput), Object(Symfony\Component\Console\Output\ConsoleOutput))
#8 {main}  
[2017-05-21 19:06:01] local.ERROR: Symfony\Component\Debug\Exception\FatalThrowableError: Class 'Illuminate\Notifications\NotificationServiceProvider' not found in /home/rodrigo/time6/laravel/vendor/laravel/framework/src/Illuminate/Foundation/ProviderRepository.php:146
Stack trace:
#0 /home/rodrigo/time6/laravel/vendor/laravel/framework/src/Illuminate/Foundation/ProviderRepository.php(114): Illuminate\Foundation\ProviderRepository->createProvider('Illuminate\\Noti...')
#1 /home/rodrigo/time6/laravel/vendor/laravel/framework/src/Illuminate/Foundation/ProviderRepository.php(60): Illuminate\Foundation\ProviderRepository->compileManifest(Array)
#2 /home/rodrigo/time6/laravel/vendor/laravel/framework/src/Illuminate/Foundation/Application.php(530): Illuminate\Foundation\ProviderRepository->load(Array)
#3 /home/rodrigo/time6/laravel/vendor/laravel/framework/src/Illuminate/Foundation/Bootstrap/RegisterProviders.php(17): Illuminate\Foundation\Application->registerConfiguredProviders()
#4 /home/rodrigo/time6/laravel/vendor/laravel/framework/src/Illuminate/Foundation/Application.php(203): Illuminate\Foundation\Bootstrap\RegisterProviders->bootstrap(Object(Illuminate\Foundation\Application))
#5 /home/rodrigo/time6/laravel/vendor/laravel/framework/src/Illuminate/Foundation/Console/Kernel.php(219): Illuminate\Foundation\Application->bootstrapWith(Array)
#6 /home/rodrigo/time6/laravel/vendor/laravel/framework/src/Illuminate/Foundation/Console/Kernel.php(105): Illuminate\Foundation\Console\Kernel->bootstrap()
#7 /home/rodrigo/time6/laravel/artisan(35): Illuminate\Foundation\Console\Kernel->handle(Object(Symfony\Component\Console\Input\ArgvInput), Object(Symfony\Component\Console\Output\ConsoleOutput))
#8 {main}  
